# JRE version: OpenJDK Runtime Environment Temurin-17.0.10+7 (17.0.10+7) (build 17.0.10+7)
# Java VM: OpenJDK 64-Bit Server VM Temurin-17.0.10+7 (17.0.10+7, mixed mode, emulated-client, tiered, compressed oops, compressed class ptrs, g1 gc, windows-amd64)
GC Precious Log:
 CPUs: 4 total, 4 available
 Memory: 16380M
 Large Page Support: Disabled
 NUMA Support: Disabled
 Compressed Oops: Enabled (32-bit)
 Heap Region Size: 1M
 Heap Min Capacity: 8M
 Heap Initial Capacity: 256M
 Heap Max Capacity: 1G
 Pre-touch: Disabled
 Parallel Workers: 4
 Concurrent Workers: 1
 Concurrent Refinement Workers: 4
 Periodic GC: Disabled
Heap:
 garbage-first heap   total 262144K, used 53696K [0x00000000c0000000, 0x0000000100000000)
  region size 1024K, 40 young (40960K), 3 survivors (3072K)
 Metaspace       used 20809K, committed 20992K, reserved 1114112K
  class space    used 2576K, committed 2688K, reserved 1048576K
GC Heap History (6 events):
Event: 2.525 GC heap before
{Heap before GC invocations=0 (full 0):
 garbage-first heap   total 262144K, used 16384K [0x00000000c0000000, 0x0000000100000000)
  region size 1024K, 13 young (13312K), 0 survivors (0K)
 Metaspace       used 5763K, committed 5888K, reserved 1114112K
  class space    used 553K, committed 640K, reserved 1048576K
}
Event: 3.439 GC heap after
{Heap after GC invocations=1 (full 0):
 garbage-first heap   total 262144K, used 11947K [0x00000000c0000000, 0x0000000100000000)
  region size 1024K, 2 young (2048K), 2 survivors (2048K)
 Metaspace       used 5763K, committed 5888K, reserved 1114112K
  class space    used 553K, committed 640K, reserved 1048576K
}
Event: 4.292 GC heap before
{Heap before GC invocations=1 (full 0):
 garbage-first heap   total 262144K, used 24235K [0x00000000c0000000, 0x0000000100000000)
  region size 1024K, 12 young (12288K), 2 survivors (2048K)
 Metaspace       used 8312K, committed 8448K, reserved 1114112K
  class space    used 936K, committed 1024K, reserved 1048576K
}
Event: 4.296 GC heap after
{Heap after GC invocations=2 (full 0):
 garbage-first heap   total 262144K, used 15665K [0x00000000c0000000, 0x0000000100000000)
  region size 1024K, 2 young (2048K), 2 survivors (2048K)
 Metaspace       used 8312K, committed 8448K, reserved 1114112K
  class space    used 936K, committed 1024K, reserved 1048576K
}
Event: 6.334 GC heap before
{Heap before GC invocations=2 (full 0):
 garbage-first heap   total 262144K, used 31025K [0x00000000c0000000, 0x0000000100000000)
  region size 1024K, 18 young (18432K), 2 survivors (2048K)
 Metaspace       used 12801K, committed 12992K, reserved 1114112K
  class space    used 1582K, committed 1664K, reserved 1048576K
}
Event: 6.340 GC heap after
{Heap after GC invocations=3 (full 0):
 garbage-first heap   total 262144K, used 16832K [0x00000000c0000000, 0x0000000100000000)
  region size 1024K, 3 young (3072K), 3 survivors (3072K)
 Metaspace       used 12801K, committed 12992K, reserved 1114112K
  class space    used 1582K, committed 1664K, reserved 1048576K
}

